u:\documents\cpsc 587\nurbs demo\debug\vc140.pdb
u:\documents\cpsc 587\nurbs demo\debug\vc140.idb
u:\documents\cpsc 587\nurbs demo\debug\imagebuffer.obj
u:\documents\cpsc 587\nurbs demo\debug\imagereader.obj
u:\documents\cpsc 587\nurbs demo\debug\inputhandler.obj
u:\documents\cpsc 587\nurbs demo\debug\light.obj
u:\documents\cpsc 587\nurbs demo\debug\mesh.obj
u:\documents\cpsc 587\nurbs demo\debug\meshmanager.obj
u:\documents\cpsc 587\nurbs demo\debug\meshobject.obj
u:\documents\cpsc 587\nurbs demo\debug\mouse_handler.obj
u:\documents\cpsc 587\nurbs demo\debug\nurbs.obj
u:\documents\cpsc 587\nurbs demo\debug\object.obj
u:\documents\cpsc 587\nurbs demo\debug\object3d.obj
u:\documents\cpsc 587\nurbs demo\debug\object_factory.obj
u:\documents\cpsc 587\nurbs demo\debug\plane.obj
u:\documents\cpsc 587\nurbs demo\debug\shader.obj
u:\documents\cpsc 587\nurbs demo\debug\shadermanager.obj
u:\documents\cpsc 587\nurbs demo\debug\sphere.obj
u:\documents\cpsc 587\nurbs demo\debug\texture.obj
u:\documents\cpsc 587\nurbs demo\debug\texturemanager.obj
u:\documents\cpsc 587\nurbs demo\debug\triangle.obj
u:\documents\cpsc 587\nurbs demo\debug\main.obj
u:\documents\cpsc 587\nurbs demo\debug\anim_track.obj
u:\documents\cpsc 587\nurbs demo\debug\camera.obj
u:\documents\cpsc 587\nurbs demo\debug\cmdhandler.obj
u:\documents\cpsc 587\nurbs demo\debug\edgebuffer.obj
u:\documents\cpsc 587\nurbs demo\debug\environmentmanager.obj
u:\documents\cpsc 587\nurbs demo\debug\graphicsmanager.obj
u:\documents\cpsc 587\nurbs demo\debug\hypocycloid.obj
u:\documents\cpsc 587\nurbs demo\debug\modelling.ilk
u:\documents\cpsc 587\nurbs demo\debug\modelling.exe
u:\documents\cpsc 587\nurbs demo\debug\modelling.pdb
u:\documents\cpsc 587\nurbs demo\debug\modelling.tlog\cl.write.1.tlog
u:\documents\cpsc 587\nurbs demo\debug\modelling.tlog\cl.command.1.tlog
u:\documents\cpsc 587\nurbs demo\debug\modelling.tlog\link.read.1.tlog
u:\documents\cpsc 587\nurbs demo\debug\modelling.tlog\link.command.1.tlog
u:\documents\cpsc 587\nurbs demo\debug\modelling.tlog\link.write.1.tlog
u:\documents\cpsc 587\nurbs demo\debug\modelling.tlog\cl.read.1.tlog
