  Anim_Track.cpp
  Camera.cpp
  CmdHandler.cpp
  EdgeBuffer.cpp
  EnvironmentManager.cpp
  GraphicsManager.cpp
  HypoCycloid.cpp
  ImageBuffer.cpp
Source\ImageBuffer.cpp(217): warning C4244: '=': conversion from 'float' to 'BYTE', possible loss of data
Source\ImageBuffer.cpp(218): warning C4244: '=': conversion from 'float' to 'BYTE', possible loss of data
Source\ImageBuffer.cpp(219): warning C4244: '=': conversion from 'float' to 'BYTE', possible loss of data
  ImageReader.cpp
  InputHandler.cpp
  Light.cpp
  Mesh.cpp
  MeshManager.cpp
  MeshObject.cpp
  Mouse_Handler.cpp
  Object.cpp
  Object3D.cpp
  Object_Factory.cpp
  Plane.cpp
  Shader.cpp
  Compiling...
  ShaderManager.cpp
  Sphere.cpp
  Texture.cpp
  TextureManager.cpp
  Triangle.cpp
  main.cpp
  Generating code
  Finished generating code
  14 of 5506 functions ( 0.3%) were compiled, the rest were copied from previous compilation.
    1 functions were new in current compilation
    82 functions had inline decision re-evaluated but remain unchanged
  Renderer.vcxproj -> U:\Documents\CPSC 587\Modelling\Release\Modelling.exe
  Renderer.vcxproj -> U:\Documents\CPSC 587\Modelling\Release\Modelling.pdb (Full PDB)
